18:58:40.499 [JavaFX Application Thread] DEBUG GameApplication      - Logger initialized
18:58:40.511 [JavaFX Application Thread] DEBUG GameApplication      - Logging settings
Title: Shooter App
Version: 1.0
Width: 800
Height: 600
Fullscreen: false
Intro: false
Menus: false
Profiling: false
Single step:false
App Mode: DEVELOPER
Menu Key: ESCAPE
Stage Style: DECORATED
Scene Factory: class com.almasb.fxgl.scene.SceneFactory
Dialog Factory: class com.almasb.fxgl.ui.FXGLDialogFactory
UI Factory: class com.almasb.fxgl.ui.FXGLUIFactory
Notification Service: class com.almasb.fxgl.gameplay.notification.XboxNotificationView
Exception Handler: class com.almasb.fxgl.app.FXGLExceptionHandler
18:58:40.511 [JavaFX Application Thread] DEBUG GameApplication      - Starting FXGL
18:58:40.518 [JavaFX Application Thread] INFO  FXGL                 - FXGL-0.5.4 on DESKTOP
18:58:40.519 [JavaFX Application Thread] INFO  FXGL                 - Source code and latest versions at: https://github.com/AlmasB/FXGL
18:58:40.519 [JavaFX Application Thread] INFO  FXGL                 -              Join the FXGL chat at: https://gitter.im/AlmasB/FXGL
18:58:40.519 [JavaFX Application Thread] DEBUG FXGL                 - FXGL started
18:58:40.519 [JavaFX Application Thread] DEBUG FXGL                 - Initializing FXGL
18:58:40.560 [JavaFX Application Thread] DEBUG AssetLoader          - Loading from disk: /assets/ui/cursors/fxgl_default.png
18:58:40.604 [JavaFX Application Thread] DEBUG AssetLoader          - Loading from disk: /assets/ui/fonts/VarelaRound-Regular.ttf
18:58:40.872 [JavaFX Application Thread] DEBUG MainWindow           - Creating a JavaFX scene
18:58:40.908 [JavaFX Application Thread] DEBUG MainWindow           - Target settings size: 800.0 x 600.0
18:58:40.908 [JavaFX Application Thread] DEBUG MainWindow           - Scaled scene size:    800.0 x 600.0
18:58:40.909 [JavaFX Application Thread] DEBUG MainWindow           - Scaled ratio: (1.0, 1.0)
18:58:40.911 [JavaFX Application Thread] DEBUG AssetLoader          - Loading from disk: /assets/ui/css/fxgl_dark.css
18:58:40.915 [JavaFX Application Thread] DEBUG AssetLoader          - Loading from disk: /assets/textures/fxgl_icon.png
18:58:40.935 [JavaFX Application Thread] DEBUG MainWindow           - Opening main window
18:58:41.155 [JavaFX Application Thread] DEBUG MainWindow           - Window border size: (6.0, 33.0)
18:58:41.155 [JavaFX Application Thread] DEBUG MainWindow           - Scaled size: 800.0 x 600.0
18:58:41.156 [JavaFX Application Thread] DEBUG MainWindow           - Scaled ratio: (1.0, 1.0)
18:58:41.156 [JavaFX Application Thread] DEBUG MainWindow           - Scene size: 800.0 x 600.0
18:58:41.156 [JavaFX Application Thread] DEBUG MainWindow           - Stage size: 806.0 x 633.0
18:58:41.185 [ForkJoinPool.commonPool-worker-9] DEBUG FS                   - Loaded DesktopFSService
18:58:41.195 [ForkJoinPool.commonPool-worker-9] DEBUG FXGL                 - Loading default FXGL system data
18:58:41.197 [ForkJoinPool.commonPool-worker-9] DEBUG FXGL                 - Initializing state machine and application states
18:58:41.198 [ForkJoinPool.commonPool-worker-2] DEBUG UpdaterTask          - Checking for updates
18:58:41.199 [ForkJoinPool.commonPool-worker-9] DEBUG AssetLoader          - Loading from disk: /assets/ui/cursors/fxgl_default.png
18:58:41.206 [ForkJoinPool.commonPool-worker-9] DEBUG AssetLoader          - Loading from disk: /assets/ui/cursors/fxgl_default.png
18:58:41.215 [ForkJoinPool.commonPool-worker-9] DEBUG AssetLoader          - Loading from cache: /assets/ui/fonts/VarelaRound-Regular.ttf
18:58:41.218 [ForkJoinPool.commonPool-worker-9] DEBUG AssetLoader          - Loading from disk: /assets/ui/cursors/fxgl_default.png
18:58:41.222 [ForkJoinPool.commonPool-worker-9] DEBUG GameScene            - Game scene initialized: 800x600
18:58:41.229 [ForkJoinPool.commonPool-worker-9] DEBUG GameWorld            - Game world initialized
18:58:41.280 [ForkJoinPool.commonPool-worker-9] DEBUG PhysicsWorld         - Physics world initialized: appHeight=600, physics.ppm=50.0
18:58:41.291 [ForkJoinPool.commonPool-worker-9] DEBUG Input                - Registered new binding: Pause - Esc
18:58:41.342 [JavaFX Application Thread] DEBUG FXGL                 - Running preInit()
18:58:41.345 [JavaFX Application Thread] DEBUG Input                - Registered new binding: Screenshot - P
18:58:41.346 [JavaFX Application Thread] DEBUG Input                - Registered new binding: Dev Options - CTRL+0
18:58:41.346 [JavaFX Application Thread] DEBUG Input                - Registered new binding: System info dump - CTRL+9
18:58:41.347 [JavaFX Application Thread] DEBUG Input                - Registered new binding: Restart - CTRL+R
18:58:41.348 [JavaFX Application Thread] DEBUG Input                - Registered new binding: Shoot - LMB
18:58:41.349 [JavaFX Application Thread] INFO  FXGL                 - FXGL initialization took: 0.829 sec
18:58:41.349 [JavaFX Application Thread] DEBUG LoopRunner           - Starting loop
18:58:41.351 [JavaFX Application Thread] DEBUG StartupState         - STARTUP
18:58:41.351 [JavaFX Application Thread] DEBUG GameApplication      - Starting new game
18:58:41.351 [JavaFX Application Thread] DEBUG Input                - Clearing active input actions
18:58:41.352 [JavaFX Application Thread] DEBUG AssetLoader          - Loading from disk: /assets/ui/css/fxgl_dark.css
18:58:41.359 [JavaFX Application Thread] DEBUG AppStateMachine      - StartupState -> LoadingState
18:58:41.394 [FXGL Background Thread 1 ] DEBUG InitAppTask          - Clearing previous game
18:58:41.394 [FXGL Background Thread 1 ] DEBUG GameWorld            - Clearing game world
18:58:41.394 [FXGL Background Thread 1 ] DEBUG PhysicsWorld         - Clearing physics world
18:58:41.394 [FXGL Background Thread 1 ] DEBUG GameScene            - Clearing game scene
18:58:41.396 [FXGL Background Thread 1 ] DEBUG InitAppTask          - Initializing Game
18:58:41.407 [FXGL Background Thread 1 ] DEBUG InitAppTask          - Initializing Physics
18:58:41.408 [FXGL Background Thread 1 ] DEBUG InitAppTask          - Initializing UI
18:58:41.408 [FXGL Background Thread 1 ] DEBUG InitAppTask          - Initialization Complete
18:58:41.408 [FXGL Background Thread 1 ] INFO  InitAppTask          - Game initialization took: 0.015 sec
18:58:41.431 [JavaFX Application Thread] DEBUG Input                - Clearing active input actions
18:58:41.431 [JavaFX Application Thread] DEBUG AssetLoader          - Loading from disk: /assets/ui/css/fxgl_dark.css
18:58:41.436 [JavaFX Application Thread] DEBUG AppStateMachine      - LoadingState -> PlayState
18:58:42.189 [ForkJoinPool.commonPool-worker-2] INFO  UpdaterTask          - Your current version:  0.5.4
18:58:42.189 [ForkJoinPool.commonPool-worker-2] INFO  UpdaterTask          - Latest stable version: 11.2-beta
18:58:42.391 [JavaFX Application Thread] FATAL FXGL                 - Uncaught Exception:

Fatal exception occurred: java.lang.IllegalStateException : No EntityFactory was added! Call gameWorld.addEntityFactory()
E: com.almasb.fxgl.entity.GameWorld.create(GameWorld.kt:427)
E: com.almasb.fxgl.entity.GameWorld.spawn(GameWorld.kt:413)
E: com.almasb.fxgl.entity.GameWorld.spawn(GameWorld.kt:401)
E: com.almostcreativegames.adversity.Examples.lambda$initGame$0(Test.java:57)
E: com.almasb.fxgl.time.TimerAction.update(TimerAction.kt:69)
E: com.almasb.fxgl.time.Timer.update(Timer.kt:38)
E: com.almasb.fxgl.app.State.update(State.java:72)
E: com.almasb.fxgl.app.AppStateMachine.onUpdate(AppStateMachine.java:100)
E: com.almasb.fxgl.app.FXGL.loop(FXGL.kt:356)
E: com.almasb.fxgl.app.FXGL.access$loop(FXGL.kt:54)
E: com.almasb.fxgl.app.FXGL$loop$1.accept(FXGL.kt:78)
E: com.almasb.fxgl.app.FXGL$loop$1.accept(FXGL.kt:54)
E: com.almasb.fxgl.app.LoopRunner.frame(LoopRunner.kt:88)
E: com.almasb.fxgl.app.LoopRunner.access$frame(LoopRunner.kt:19)
E: com.almasb.fxgl.app.LoopRunner$impl$2$1.handle(LoopRunner.kt:39)
E: javafx.animation.AnimationTimer$AnimationTimerReceiver.lambda$handle$485(AnimationTimer.java:57)
E: java.security.AccessController.doPrivileged(Native Method)
E: javafx.animation.AnimationTimer$AnimationTimerReceiver.handle(AnimationTimer.java:56)
E: com.sun.scenario.animation.AbstractMasterTimer.timePulseImpl(AbstractMasterTimer.java:357)
E: com.sun.scenario.animation.AbstractMasterTimer$MainLoop.run(AbstractMasterTimer.java:267)
E: com.sun.javafx.tk.quantum.QuantumToolkit.pulse(QuantumToolkit.java:514)
E: com.sun.javafx.tk.quantum.QuantumToolkit.pulse(QuantumToolkit.java:498)
E: com.sun.javafx.tk.quantum.QuantumToolkit.pulseFromQueue(QuantumToolkit.java:491)
E: com.sun.javafx.tk.quantum.QuantumToolkit.lambda$runToolkit$403(QuantumToolkit.java:319)
E: com.sun.glass.ui.InvokeLaterDispatcher$Future.run(InvokeLaterDispatcher.java:95)
E: com.sun.glass.ui.win.WinApplication._runLoop(Native Method)
E: com.sun.glass.ui.win.WinApplication.lambda$null$147(WinApplication.java:177)
E: java.lang.Thread.run(Thread.java:748)

18:58:42.391 [JavaFX Application Thread] FATAL FXGL                 - Application will now exit
18:58:42.391 [JavaFX Application Thread] DEBUG LoopRunner           - Stopping loop
18:58:48.750 [JavaFX Application Thread] DEBUG FXGL                 - Exiting FXGL
18:58:48.751 [JavaFX Application Thread] DEBUG FXGL                 - Shutting down background threads
18:58:48.751 [JavaFX Application Thread] DEBUG FXGL                 - Saving FXGL system data
18:58:48.753 [JavaFX Application Thread] DEBUG DesktopFSService     - Writing to: system\fxgl.bundle
18:58:48.763 [JavaFX Application Thread] DEBUG FXGL                 - Closing logger and exiting JavaFX
