19:03:55.446 [JavaFX Application Thread] DEBUG GameApplication      - Logger initialized
19:03:55.458 [JavaFX Application Thread] DEBUG GameApplication      - Logging settings
Title: Shooter App
Version: 1.0
Width: 800
Height: 600
Fullscreen: false
Intro: false
Menus: false
Profiling: false
Single step:false
App Mode: DEVELOPER
Menu Key: ESCAPE
Stage Style: DECORATED
Scene Factory: class com.almasb.fxgl.scene.SceneFactory
Dialog Factory: class com.almasb.fxgl.ui.FXGLDialogFactory
UI Factory: class com.almasb.fxgl.ui.FXGLUIFactory
Notification Service: class com.almasb.fxgl.gameplay.notification.XboxNotificationView
Exception Handler: class com.almasb.fxgl.app.FXGLExceptionHandler
19:03:55.458 [JavaFX Application Thread] DEBUG GameApplication      - Starting FXGL
19:03:55.464 [JavaFX Application Thread] INFO  FXGL                 - FXGL-0.5.4 on DESKTOP
19:03:55.464 [JavaFX Application Thread] INFO  FXGL                 - Source code and latest versions at: https://github.com/AlmasB/FXGL
19:03:55.464 [JavaFX Application Thread] INFO  FXGL                 -              Join the FXGL chat at: https://gitter.im/AlmasB/FXGL
19:03:55.465 [JavaFX Application Thread] DEBUG FXGL                 - FXGL started
19:03:55.465 [JavaFX Application Thread] DEBUG FXGL                 - Initializing FXGL
19:03:55.508 [JavaFX Application Thread] DEBUG AssetLoader          - Loading from disk: /assets/ui/cursors/fxgl_default.png
19:03:55.552 [JavaFX Application Thread] DEBUG AssetLoader          - Loading from disk: /assets/ui/fonts/VarelaRound-Regular.ttf
19:03:55.808 [JavaFX Application Thread] DEBUG MainWindow           - Creating a JavaFX scene
19:03:55.841 [JavaFX Application Thread] DEBUG MainWindow           - Target settings size: 800.0 x 600.0
19:03:55.841 [JavaFX Application Thread] DEBUG MainWindow           - Scaled scene size:    800.0 x 600.0
19:03:55.842 [JavaFX Application Thread] DEBUG MainWindow           - Scaled ratio: (1.0, 1.0)
19:03:55.845 [JavaFX Application Thread] DEBUG AssetLoader          - Loading from disk: /assets/ui/css/fxgl_dark.css
19:03:55.849 [JavaFX Application Thread] DEBUG AssetLoader          - Loading from disk: /assets/textures/fxgl_icon.png
19:03:55.868 [JavaFX Application Thread] DEBUG MainWindow           - Opening main window
19:03:56.105 [JavaFX Application Thread] DEBUG MainWindow           - Window border size: (6.0, 33.0)
19:03:56.105 [JavaFX Application Thread] DEBUG MainWindow           - Scaled size: 800.0 x 600.0
19:03:56.105 [JavaFX Application Thread] DEBUG MainWindow           - Scaled ratio: (1.0, 1.0)
19:03:56.105 [JavaFX Application Thread] DEBUG MainWindow           - Scene size: 800.0 x 600.0
19:03:56.106 [JavaFX Application Thread] DEBUG MainWindow           - Stage size: 806.0 x 633.0
19:03:56.139 [ForkJoinPool.commonPool-worker-9] DEBUG FS                   - Loaded DesktopFSService
19:03:56.140 [ForkJoinPool.commonPool-worker-9] DEBUG FXGL                 - Loading FXGL system data
19:03:56.144 [ForkJoinPool.commonPool-worker-9] DEBUG DesktopFSService     - Reading from: system\fxgl.bundle
19:03:56.153 [ForkJoinPool.commonPool-worker-9] DEBUG Bundle               - Logging bundle: FXGL
19:03:56.154 [ForkJoinPool.commonPool-worker-9] DEBUG Bundle               - FXGL.offline.timer.version.check=2019-05-19T18:58:42.189
19:03:56.155 [ForkJoinPool.commonPool-worker-9] DEBUG FXGL                 - Initializing state machine and application states
19:03:56.156 [ForkJoinPool.commonPool-worker-9] DEBUG AssetLoader          - Loading from disk: /assets/ui/cursors/fxgl_default.png
19:03:56.161 [ForkJoinPool.commonPool-worker-9] DEBUG AssetLoader          - Loading from disk: /assets/ui/cursors/fxgl_default.png
19:03:56.166 [ForkJoinPool.commonPool-worker-9] DEBUG AssetLoader          - Loading from cache: /assets/ui/fonts/VarelaRound-Regular.ttf
19:03:56.169 [ForkJoinPool.commonPool-worker-9] DEBUG AssetLoader          - Loading from disk: /assets/ui/cursors/fxgl_default.png
19:03:56.172 [ForkJoinPool.commonPool-worker-9] DEBUG GameScene            - Game scene initialized: 800x600
19:03:56.177 [ForkJoinPool.commonPool-worker-9] DEBUG GameWorld            - Game world initialized
19:03:56.221 [ForkJoinPool.commonPool-worker-9] DEBUG PhysicsWorld         - Physics world initialized: appHeight=600, physics.ppm=50.0
19:03:56.239 [ForkJoinPool.commonPool-worker-9] DEBUG Input                - Registered new binding: Pause - Esc
19:03:56.275 [JavaFX Application Thread] DEBUG FXGL                 - Running preInit()
19:03:56.277 [JavaFX Application Thread] DEBUG Input                - Registered new binding: Screenshot - P
19:03:56.277 [JavaFX Application Thread] DEBUG Input                - Registered new binding: Dev Options - CTRL+0
19:03:56.277 [JavaFX Application Thread] DEBUG Input                - Registered new binding: System info dump - CTRL+9
19:03:56.278 [JavaFX Application Thread] DEBUG Input                - Registered new binding: Restart - CTRL+R
19:03:56.279 [JavaFX Application Thread] DEBUG Input                - Registered new binding: Shoot - LMB
19:03:56.279 [JavaFX Application Thread] INFO  FXGL                 - FXGL initialization took: 0.815 sec
19:03:56.279 [JavaFX Application Thread] DEBUG LoopRunner           - Starting loop
19:03:56.281 [JavaFX Application Thread] DEBUG StartupState         - STARTUP
19:03:56.281 [JavaFX Application Thread] DEBUG GameApplication      - Starting new game
19:03:56.281 [JavaFX Application Thread] DEBUG Input                - Clearing active input actions
19:03:56.282 [JavaFX Application Thread] DEBUG AssetLoader          - Loading from disk: /assets/ui/css/fxgl_dark.css
19:03:56.290 [JavaFX Application Thread] DEBUG AppStateMachine      - StartupState -> LoadingState
19:03:56.296 [FXGL Background Thread 1 ] DEBUG InitAppTask          - Clearing previous game
19:03:56.296 [FXGL Background Thread 1 ] DEBUG GameWorld            - Clearing game world
19:03:56.296 [FXGL Background Thread 1 ] DEBUG PhysicsWorld         - Clearing physics world
19:03:56.296 [FXGL Background Thread 1 ] DEBUG GameScene            - Clearing game scene
19:03:56.297 [FXGL Background Thread 1 ] DEBUG InitAppTask          - Initializing Game
19:03:56.307 [FXGL Background Thread 1 ] DEBUG InitAppTask          - Initializing Physics
19:03:56.308 [FXGL Background Thread 1 ] DEBUG InitAppTask          - Initializing UI
19:03:56.308 [FXGL Background Thread 1 ] DEBUG InitAppTask          - Initialization Complete
19:03:56.308 [FXGL Background Thread 1 ] INFO  InitAppTask          - Game initialization took: 0.012 sec
19:03:56.340 [JavaFX Application Thread] DEBUG Input                - Clearing active input actions
19:03:56.340 [JavaFX Application Thread] DEBUG AssetLoader          - Loading from disk: /assets/ui/css/fxgl_dark.css
19:03:56.345 [JavaFX Application Thread] DEBUG AppStateMachine      - LoadingState -> PlayState
19:03:57.284 [JavaFX Application Thread] FATAL FXGL                 - Uncaught Exception:

Fatal exception occurred: java.lang.IllegalStateException : No EntityFactory was added! Call gameWorld.addEntityFactory()
E: com.almasb.fxgl.entity.GameWorld.create(GameWorld.kt:427)
E: com.almasb.fxgl.entity.GameWorld.spawn(GameWorld.kt:413)
E: com.almasb.fxgl.entity.GameWorld.spawn(GameWorld.kt:401)
E: com.almostcreativegames.adversity.Examples.lambda$initGame$0(Test.java:57)
E: com.almasb.fxgl.time.TimerAction.update(TimerAction.kt:69)
E: com.almasb.fxgl.time.Timer.update(Timer.kt:38)
E: com.almasb.fxgl.app.State.update(State.java:72)
E: com.almasb.fxgl.app.AppStateMachine.onUpdate(AppStateMachine.java:100)
E: com.almasb.fxgl.app.FXGL.loop(FXGL.kt:356)
E: com.almasb.fxgl.app.FXGL.access$loop(FXGL.kt:54)
E: com.almasb.fxgl.app.FXGL$loop$1.accept(FXGL.kt:78)
E: com.almasb.fxgl.app.FXGL$loop$1.accept(FXGL.kt:54)
E: com.almasb.fxgl.app.LoopRunner.frame(LoopRunner.kt:88)
E: com.almasb.fxgl.app.LoopRunner.access$frame(LoopRunner.kt:19)
E: com.almasb.fxgl.app.LoopRunner$impl$2$1.handle(LoopRunner.kt:39)
E: javafx.animation.AnimationTimer$AnimationTimerReceiver.lambda$handle$485(AnimationTimer.java:57)
E: java.security.AccessController.doPrivileged(Native Method)
E: javafx.animation.AnimationTimer$AnimationTimerReceiver.handle(AnimationTimer.java:56)
E: com.sun.scenario.animation.AbstractMasterTimer.timePulseImpl(AbstractMasterTimer.java:357)
E: com.sun.scenario.animation.AbstractMasterTimer$MainLoop.run(AbstractMasterTimer.java:267)
E: com.sun.javafx.tk.quantum.QuantumToolkit.pulse(QuantumToolkit.java:514)
E: com.sun.javafx.tk.quantum.QuantumToolkit.pulse(QuantumToolkit.java:498)
E: com.sun.javafx.tk.quantum.QuantumToolkit.pulseFromQueue(QuantumToolkit.java:491)
E: com.sun.javafx.tk.quantum.QuantumToolkit.lambda$runToolkit$403(QuantumToolkit.java:319)
E: com.sun.glass.ui.InvokeLaterDispatcher$Future.run(InvokeLaterDispatcher.java:95)
E: com.sun.glass.ui.win.WinApplication._runLoop(Native Method)
E: com.sun.glass.ui.win.WinApplication.lambda$null$147(WinApplication.java:177)
E: java.lang.Thread.run(Thread.java:748)

19:03:57.284 [JavaFX Application Thread] FATAL FXGL                 - Application will now exit
19:03:57.284 [JavaFX Application Thread] DEBUG LoopRunner           - Stopping loop
19:04:09.756 [JavaFX Application Thread] DEBUG FXGL                 - Exiting FXGL
19:04:09.756 [JavaFX Application Thread] DEBUG FXGL                 - Shutting down background threads
19:04:09.756 [JavaFX Application Thread] DEBUG FXGL                 - Saving FXGL system data
19:04:09.758 [JavaFX Application Thread] DEBUG DesktopFSService     - Writing to: system\fxgl.bundle
19:04:09.764 [JavaFX Application Thread] DEBUG FXGL                 - Closing logger and exiting JavaFX
