19:45:06.430 [JavaFX Application Thread] DEBUG GameApplication      - Logger initialized
19:45:06.442 [JavaFX Application Thread] DEBUG GameApplication      - Logging settings
Title: Basic Game App
Version: 0.1
Width: 600
Height: 600
Fullscreen: false
Intro: false
Menus: false
Profiling: false
Single step:false
App Mode: DEVELOPER
Menu Key: ESCAPE
Stage Style: DECORATED
Scene Factory: class com.almasb.fxgl.scene.SceneFactory
Dialog Factory: class com.almasb.fxgl.ui.FXGLDialogFactory
UI Factory: class com.almasb.fxgl.ui.FXGLUIFactory
Notification Service: class com.almasb.fxgl.gameplay.notification.XboxNotificationView
Exception Handler: class com.almasb.fxgl.app.FXGLExceptionHandler
19:45:06.442 [JavaFX Application Thread] DEBUG GameApplication      - Starting FXGL
19:45:06.450 [JavaFX Application Thread] INFO  FXGL                 - FXGL-0.5.4 on DESKTOP
19:45:06.451 [JavaFX Application Thread] INFO  FXGL                 - Source code and latest versions at: https://github.com/AlmasB/FXGL
19:45:06.451 [JavaFX Application Thread] INFO  FXGL                 -              Join the FXGL chat at: https://gitter.im/AlmasB/FXGL
19:45:06.451 [JavaFX Application Thread] DEBUG FXGL                 - FXGL started
19:45:06.451 [JavaFX Application Thread] DEBUG FXGL                 - Initializing FXGL
19:45:06.494 [JavaFX Application Thread] DEBUG AssetLoader          - Loading from disk: /assets/ui/cursors/fxgl_default.png
19:45:06.533 [JavaFX Application Thread] DEBUG AssetLoader          - Loading from disk: /assets/ui/fonts/VarelaRound-Regular.ttf
19:45:06.770 [JavaFX Application Thread] DEBUG MainWindow           - Creating a JavaFX scene
19:45:06.800 [JavaFX Application Thread] DEBUG MainWindow           - Target settings size: 600.0 x 600.0
19:45:06.800 [JavaFX Application Thread] DEBUG MainWindow           - Scaled scene size:    600.0 x 600.0
19:45:06.801 [JavaFX Application Thread] DEBUG MainWindow           - Scaled ratio: (1.0, 1.0)
19:45:06.803 [JavaFX Application Thread] DEBUG AssetLoader          - Loading from disk: /assets/ui/css/fxgl_dark.css
19:45:06.807 [JavaFX Application Thread] DEBUG AssetLoader          - Loading from disk: /assets/textures/fxgl_icon.png
19:45:06.825 [JavaFX Application Thread] DEBUG MainWindow           - Opening main window
19:45:07.026 [JavaFX Application Thread] DEBUG MainWindow           - Window border size: (6.0, 33.0)
19:45:07.026 [JavaFX Application Thread] DEBUG MainWindow           - Scaled size: 600.0 x 600.0
19:45:07.026 [JavaFX Application Thread] DEBUG MainWindow           - Scaled ratio: (1.0, 1.0)
19:45:07.026 [JavaFX Application Thread] DEBUG MainWindow           - Scene size: 600.0 x 600.0
19:45:07.026 [JavaFX Application Thread] DEBUG MainWindow           - Stage size: 606.0 x 633.0
19:45:07.052 [ForkJoinPool.commonPool-worker-9] DEBUG FS                   - Loaded DesktopFSService
19:45:07.053 [ForkJoinPool.commonPool-worker-9] DEBUG FXGL                 - Loading FXGL system data
19:45:07.056 [ForkJoinPool.commonPool-worker-9] DEBUG DesktopFSService     - Reading from: system\fxgl.bundle
19:45:07.064 [ForkJoinPool.commonPool-worker-9] DEBUG Bundle               - Logging bundle: FXGL
19:45:07.065 [ForkJoinPool.commonPool-worker-9] DEBUG Bundle               - FXGL.offline.timer.version.check=2019-05-19T18:58:42.189
19:45:07.065 [ForkJoinPool.commonPool-worker-9] DEBUG FXGL                 - Initializing state machine and application states
19:45:07.067 [ForkJoinPool.commonPool-worker-9] DEBUG AssetLoader          - Loading from disk: /assets/ui/cursors/fxgl_default.png
19:45:07.071 [ForkJoinPool.commonPool-worker-9] DEBUG AssetLoader          - Loading from disk: /assets/ui/cursors/fxgl_default.png
19:45:07.076 [ForkJoinPool.commonPool-worker-9] DEBUG AssetLoader          - Loading from cache: /assets/ui/fonts/VarelaRound-Regular.ttf
19:45:07.078 [ForkJoinPool.commonPool-worker-9] DEBUG AssetLoader          - Loading from disk: /assets/ui/cursors/fxgl_default.png
19:45:07.081 [ForkJoinPool.commonPool-worker-9] DEBUG GameScene            - Game scene initialized: 600x600
19:45:07.086 [ForkJoinPool.commonPool-worker-9] DEBUG GameWorld            - Game world initialized
19:45:07.126 [ForkJoinPool.commonPool-worker-9] DEBUG PhysicsWorld         - Physics world initialized: appHeight=600, physics.ppm=50.0
19:45:07.143 [ForkJoinPool.commonPool-worker-9] DEBUG Input                - Registered new binding: Pause - Esc
19:45:07.178 [JavaFX Application Thread] DEBUG FXGL                 - Running preInit()
19:45:07.179 [JavaFX Application Thread] DEBUG Input                - Registered new binding: Screenshot - P
19:45:07.180 [JavaFX Application Thread] DEBUG Input                - Registered new binding: Dev Options - CTRL+0
19:45:07.180 [JavaFX Application Thread] DEBUG Input                - Registered new binding: System info dump - CTRL+9
19:45:07.180 [JavaFX Application Thread] DEBUG Input                - Registered new binding: Restart - CTRL+R
19:45:07.180 [JavaFX Application Thread] DEBUG Input                - Registered new binding: Move Right - D
19:45:07.181 [JavaFX Application Thread] DEBUG Input                - Registered new binding: Move Left - A
19:45:07.181 [JavaFX Application Thread] DEBUG Input                - Registered new binding: Move Up - W
19:45:07.181 [JavaFX Application Thread] DEBUG Input                - Registered new binding: Move Down - S
19:45:07.181 [JavaFX Application Thread] INFO  FXGL                 - FXGL initialization took: 0.730 sec
19:45:07.182 [JavaFX Application Thread] DEBUG LoopRunner           - Starting loop
19:45:07.185 [JavaFX Application Thread] DEBUG StartupState         - STARTUP
19:45:07.186 [JavaFX Application Thread] DEBUG GameApplication      - Starting new game
19:45:07.186 [JavaFX Application Thread] DEBUG Input                - Clearing active input actions
19:45:07.187 [JavaFX Application Thread] DEBUG AssetLoader          - Loading from disk: /assets/ui/css/fxgl_dark.css
19:45:07.195 [JavaFX Application Thread] DEBUG AppStateMachine      - StartupState -> LoadingState
19:45:07.201 [FXGL Background Thread 1 ] DEBUG InitAppTask          - Clearing previous game
19:45:07.202 [FXGL Background Thread 1 ] DEBUG GameWorld            - Clearing game world
19:45:07.202 [FXGL Background Thread 1 ] DEBUG PhysicsWorld         - Clearing physics world
19:45:07.202 [FXGL Background Thread 1 ] DEBUG GameScene            - Clearing game scene
19:45:07.203 [FXGL Background Thread 1 ] DEBUG InitAppTask          - Initializing Game
19:45:07.211 [FXGL Background Thread 1 ] DEBUG InitAppTask          - Initializing Physics
19:45:07.211 [FXGL Background Thread 1 ] DEBUG InitAppTask          - Initializing UI
19:45:07.212 [FXGL Background Thread 1 ] DEBUG InitAppTask          - Initialization Complete
19:45:07.212 [FXGL Background Thread 1 ] INFO  InitAppTask          - Game initialization took: 0.011 sec
19:45:07.233 [JavaFX Application Thread] DEBUG Input                - Clearing active input actions
19:45:07.233 [JavaFX Application Thread] DEBUG AssetLoader          - Loading from disk: /assets/ui/css/fxgl_dark.css
19:45:07.238 [JavaFX Application Thread] DEBUG AppStateMachine      - LoadingState -> PlayState
19:45:08.530 [JavaFX Application Thread] FATAL FXGL                 - Uncaught Exception:

Fatal exception occurred: java.lang.NullPointerException : null
E: com.almostcreativegames.adversity.Pong$4.onAction(Pong.java:62)
E: com.almasb.fxgl.input.UserAction.fireAction(UserAction.java:80)
E: com.almasb.fxgl.input.Input.update(Input.kt:148)
E: com.almasb.fxgl.app.State.update(State.java:71)
E: com.almasb.fxgl.app.AppStateMachine.onUpdate(AppStateMachine.java:100)
E: com.almasb.fxgl.app.FXGL.loop(FXGL.kt:356)
E: com.almasb.fxgl.app.FXGL.access$loop(FXGL.kt:54)
E: com.almasb.fxgl.app.FXGL$loop$1.accept(FXGL.kt:78)
E: com.almasb.fxgl.app.FXGL$loop$1.accept(FXGL.kt:54)
E: com.almasb.fxgl.app.LoopRunner.frame(LoopRunner.kt:88)
E: com.almasb.fxgl.app.LoopRunner.access$frame(LoopRunner.kt:19)
E: com.almasb.fxgl.app.LoopRunner$impl$2$1.handle(LoopRunner.kt:39)
E: javafx.animation.AnimationTimer$AnimationTimerReceiver.lambda$handle$485(AnimationTimer.java:57)
E: java.security.AccessController.doPrivileged(Native Method)
E: javafx.animation.AnimationTimer$AnimationTimerReceiver.handle(AnimationTimer.java:56)
E: com.sun.scenario.animation.AbstractMasterTimer.timePulseImpl(AbstractMasterTimer.java:357)
E: com.sun.scenario.animation.AbstractMasterTimer$MainLoop.run(AbstractMasterTimer.java:267)
E: com.sun.javafx.tk.quantum.QuantumToolkit.pulse(QuantumToolkit.java:514)
E: com.sun.javafx.tk.quantum.QuantumToolkit.pulse(QuantumToolkit.java:498)
E: com.sun.javafx.tk.quantum.QuantumToolkit.pulseFromQueue(QuantumToolkit.java:491)
E: com.sun.javafx.tk.quantum.QuantumToolkit.lambda$runToolkit$403(QuantumToolkit.java:319)
E: com.sun.glass.ui.InvokeLaterDispatcher$Future.run(InvokeLaterDispatcher.java:95)
E: com.sun.glass.ui.win.WinApplication._runLoop(Native Method)
E: com.sun.glass.ui.win.WinApplication.lambda$null$147(WinApplication.java:177)
E: java.lang.Thread.run(Thread.java:748)

19:45:08.530 [JavaFX Application Thread] FATAL FXGL                 - Application will now exit
19:45:08.530 [JavaFX Application Thread] DEBUG LoopRunner           - Stopping loop
19:45:11.186 [JavaFX Application Thread] DEBUG FXGL                 - Exiting FXGL
19:45:11.186 [JavaFX Application Thread] DEBUG FXGL                 - Shutting down background threads
19:45:11.186 [JavaFX Application Thread] DEBUG FXGL                 - Saving FXGL system data
19:45:11.188 [JavaFX Application Thread] DEBUG DesktopFSService     - Writing to: system\fxgl.bundle
19:45:11.194 [JavaFX Application Thread] DEBUG FXGL                 - Closing logger and exiting JavaFX
