19:21:53.531 [JavaFX Application Thread] DEBUG GameApplication      - Logger initialized
19:21:53.541 [JavaFX Application Thread] DEBUG GameApplication      - Logging settings
Title: Basic Game App
Version: 0.1
Width: 800
Height: 600
Fullscreen: false
Intro: false
Menus: false
Profiling: false
Single step:false
App Mode: DEVELOPER
Menu Key: ESCAPE
Stage Style: DECORATED
Scene Factory: class com.almasb.fxgl.scene.SceneFactory
Dialog Factory: class com.almasb.fxgl.ui.FXGLDialogFactory
UI Factory: class com.almasb.fxgl.ui.FXGLUIFactory
Notification Service: class com.almasb.fxgl.gameplay.notification.XboxNotificationView
Exception Handler: class com.almasb.fxgl.app.FXGLExceptionHandler
19:21:53.541 [JavaFX Application Thread] DEBUG GameApplication      - Starting FXGL
19:21:53.549 [JavaFX Application Thread] INFO  FXGL                 - FXGL-0.5.4 on DESKTOP
19:21:53.549 [JavaFX Application Thread] INFO  FXGL                 - Source code and latest versions at: https://github.com/AlmasB/FXGL
19:21:53.549 [JavaFX Application Thread] INFO  FXGL                 -              Join the FXGL chat at: https://gitter.im/AlmasB/FXGL
19:21:53.549 [JavaFX Application Thread] DEBUG FXGL                 - FXGL started
19:21:53.549 [JavaFX Application Thread] DEBUG FXGL                 - Initializing FXGL
19:21:53.590 [JavaFX Application Thread] DEBUG AssetLoader          - Loading from disk: /assets/ui/cursors/fxgl_default.png
19:21:53.632 [JavaFX Application Thread] DEBUG AssetLoader          - Loading from disk: /assets/ui/fonts/VarelaRound-Regular.ttf
19:21:53.891 [JavaFX Application Thread] DEBUG MainWindow           - Creating a JavaFX scene
19:21:53.927 [JavaFX Application Thread] DEBUG MainWindow           - Target settings size: 800.0 x 600.0
19:21:53.927 [JavaFX Application Thread] DEBUG MainWindow           - Scaled scene size:    800.0 x 600.0
19:21:53.927 [JavaFX Application Thread] DEBUG MainWindow           - Scaled ratio: (1.0, 1.0)
19:21:53.930 [JavaFX Application Thread] DEBUG AssetLoader          - Loading from disk: /assets/ui/css/fxgl_dark.css
19:21:53.934 [JavaFX Application Thread] DEBUG AssetLoader          - Loading from disk: /assets/textures/fxgl_icon.png
19:21:53.954 [JavaFX Application Thread] DEBUG MainWindow           - Opening main window
19:21:54.174 [JavaFX Application Thread] DEBUG MainWindow           - Window border size: (6.0, 33.0)
19:21:54.174 [JavaFX Application Thread] DEBUG MainWindow           - Scaled size: 800.0 x 600.0
19:21:54.174 [JavaFX Application Thread] DEBUG MainWindow           - Scaled ratio: (1.0, 1.0)
19:21:54.175 [JavaFX Application Thread] DEBUG MainWindow           - Scene size: 800.0 x 600.0
19:21:54.175 [JavaFX Application Thread] DEBUG MainWindow           - Stage size: 806.0 x 633.0
19:21:54.203 [ForkJoinPool.commonPool-worker-9] DEBUG FS                   - Loaded DesktopFSService
19:21:54.204 [ForkJoinPool.commonPool-worker-9] DEBUG FXGL                 - Loading FXGL system data
19:21:54.208 [ForkJoinPool.commonPool-worker-9] DEBUG DesktopFSService     - Reading from: system\fxgl.bundle
19:21:54.217 [ForkJoinPool.commonPool-worker-9] DEBUG Bundle               - Logging bundle: FXGL
19:21:54.218 [ForkJoinPool.commonPool-worker-9] DEBUG Bundle               - FXGL.offline.timer.version.check=2019-05-19T18:58:42.189
19:21:54.219 [ForkJoinPool.commonPool-worker-9] DEBUG FXGL                 - Initializing state machine and application states
19:21:54.221 [ForkJoinPool.commonPool-worker-9] DEBUG AssetLoader          - Loading from disk: /assets/ui/cursors/fxgl_default.png
19:21:54.226 [ForkJoinPool.commonPool-worker-9] DEBUG AssetLoader          - Loading from disk: /assets/ui/cursors/fxgl_default.png
19:21:54.231 [ForkJoinPool.commonPool-worker-9] DEBUG AssetLoader          - Loading from cache: /assets/ui/fonts/VarelaRound-Regular.ttf
19:21:54.233 [ForkJoinPool.commonPool-worker-9] DEBUG AssetLoader          - Loading from disk: /assets/ui/cursors/fxgl_default.png
19:21:54.236 [ForkJoinPool.commonPool-worker-9] DEBUG GameScene            - Game scene initialized: 800x600
19:21:54.241 [ForkJoinPool.commonPool-worker-9] DEBUG GameWorld            - Game world initialized
19:21:54.285 [ForkJoinPool.commonPool-worker-9] DEBUG PhysicsWorld         - Physics world initialized: appHeight=600, physics.ppm=50.0
19:21:54.303 [ForkJoinPool.commonPool-worker-9] DEBUG Input                - Registered new binding: Pause - Esc
19:21:54.335 [JavaFX Application Thread] DEBUG FXGL                 - Running preInit()
19:21:54.336 [JavaFX Application Thread] DEBUG Input                - Registered new binding: Screenshot - P
19:21:54.336 [JavaFX Application Thread] DEBUG Input                - Registered new binding: Dev Options - CTRL+0
19:21:54.336 [JavaFX Application Thread] DEBUG Input                - Registered new binding: System info dump - CTRL+9
19:21:54.337 [JavaFX Application Thread] DEBUG Input                - Registered new binding: Restart - CTRL+R
19:21:54.337 [JavaFX Application Thread] INFO  FXGL                 - FXGL initialization took: 0.788 sec
19:21:54.337 [JavaFX Application Thread] DEBUG LoopRunner           - Starting loop
19:21:54.347 [JavaFX Application Thread] DEBUG StartupState         - STARTUP
19:21:54.347 [JavaFX Application Thread] DEBUG GameApplication      - Starting new game
19:21:54.347 [JavaFX Application Thread] DEBUG Input                - Clearing active input actions
19:21:54.348 [JavaFX Application Thread] DEBUG AssetLoader          - Loading from disk: /assets/ui/css/fxgl_dark.css
19:21:54.353 [JavaFX Application Thread] DEBUG AppStateMachine      - StartupState -> LoadingState
19:21:54.358 [FXGL Background Thread 1 ] DEBUG InitAppTask          - Clearing previous game
19:21:54.358 [FXGL Background Thread 1 ] DEBUG GameWorld            - Clearing game world
19:21:54.358 [FXGL Background Thread 1 ] DEBUG PhysicsWorld         - Clearing physics world
19:21:54.358 [FXGL Background Thread 1 ] DEBUG GameScene            - Clearing game scene
19:21:54.359 [FXGL Background Thread 1 ] DEBUG InitAppTask          - Initializing Game
19:21:54.374 [FXGL Background Thread 1 ] DEBUG InitAppTask          - Initializing Physics
19:21:54.374 [FXGL Background Thread 1 ] DEBUG InitAppTask          - Initializing UI
19:21:54.375 [FXGL Background Thread 1 ] DEBUG InitAppTask          - Initialization Complete
19:21:54.375 [FXGL Background Thread 1 ] INFO  InitAppTask          - Game initialization took: 0.017 sec
19:21:54.394 [JavaFX Application Thread] DEBUG Input                - Clearing active input actions
19:21:54.394 [JavaFX Application Thread] DEBUG AssetLoader          - Loading from disk: /assets/ui/css/fxgl_dark.css
19:21:54.399 [JavaFX Application Thread] DEBUG AppStateMachine      - LoadingState -> PlayState
19:21:59.837 [JavaFX Application Thread] DEBUG FXGL                 - Exiting FXGL
19:21:59.837 [JavaFX Application Thread] DEBUG FXGL                 - Shutting down background threads
19:21:59.837 [JavaFX Application Thread] DEBUG FXGL                 - Saving FXGL system data
19:21:59.839 [JavaFX Application Thread] DEBUG DesktopFSService     - Writing to: system\fxgl.bundle
19:21:59.843 [JavaFX Application Thread] DEBUG FXGL                 - Closing logger and exiting JavaFX
