19:45:43.936 [JavaFX Application Thread] DEBUG GameApplication      - Logger initialized
19:45:43.947 [JavaFX Application Thread] DEBUG GameApplication      - Logging settings
Title: Pong
Version: 0.0
Width: 800
Height: 600
Fullscreen: false
Intro: false
Menus: false
Profiling: false
Single step:false
App Mode: DEVELOPER
Menu Key: ESCAPE
Stage Style: DECORATED
Scene Factory: class com.almasb.fxgl.scene.SceneFactory
Dialog Factory: class com.almasb.fxgl.ui.FXGLDialogFactory
UI Factory: class com.almasb.fxgl.ui.FXGLUIFactory
Notification Service: class com.almasb.fxgl.gameplay.notification.XboxNotificationView
Exception Handler: class com.almasb.fxgl.app.FXGLExceptionHandler
19:45:43.947 [JavaFX Application Thread] DEBUG GameApplication      - Starting FXGL
19:45:43.954 [JavaFX Application Thread] INFO  FXGL                 - FXGL-0.5.4 on DESKTOP
19:45:43.954 [JavaFX Application Thread] INFO  FXGL                 - Source code and latest versions at: https://github.com/AlmasB/FXGL
19:45:43.954 [JavaFX Application Thread] INFO  FXGL                 -              Join the FXGL chat at: https://gitter.im/AlmasB/FXGL
19:45:43.954 [JavaFX Application Thread] DEBUG FXGL                 - FXGL started
19:45:43.955 [JavaFX Application Thread] DEBUG FXGL                 - Initializing FXGL
19:45:43.995 [JavaFX Application Thread] DEBUG AssetLoader          - Loading from disk: /assets/ui/cursors/fxgl_default.png
19:45:44.034 [JavaFX Application Thread] DEBUG AssetLoader          - Loading from disk: /assets/ui/fonts/VarelaRound-Regular.ttf
19:45:44.277 [JavaFX Application Thread] DEBUG MainWindow           - Creating a JavaFX scene
19:45:44.313 [JavaFX Application Thread] DEBUG MainWindow           - Target settings size: 800.0 x 600.0
19:45:44.313 [JavaFX Application Thread] DEBUG MainWindow           - Scaled scene size:    800.0 x 600.0
19:45:44.313 [JavaFX Application Thread] DEBUG MainWindow           - Scaled ratio: (1.0, 1.0)
19:45:44.316 [JavaFX Application Thread] DEBUG AssetLoader          - Loading from disk: /assets/ui/css/fxgl_dark.css
19:45:44.319 [JavaFX Application Thread] DEBUG AssetLoader          - Loading from disk: /assets/textures/fxgl_icon.png
19:45:44.338 [JavaFX Application Thread] DEBUG MainWindow           - Opening main window
19:45:44.534 [JavaFX Application Thread] DEBUG MainWindow           - Window border size: (6.0, 33.0)
19:45:44.535 [JavaFX Application Thread] DEBUG MainWindow           - Scaled size: 800.0 x 600.0
19:45:44.535 [JavaFX Application Thread] DEBUG MainWindow           - Scaled ratio: (1.0, 1.0)
19:45:44.535 [JavaFX Application Thread] DEBUG MainWindow           - Scene size: 800.0 x 600.0
19:45:44.535 [JavaFX Application Thread] DEBUG MainWindow           - Stage size: 806.0 x 633.0
19:45:44.561 [ForkJoinPool.commonPool-worker-9] DEBUG FS                   - Loaded DesktopFSService
19:45:44.561 [ForkJoinPool.commonPool-worker-9] DEBUG FXGL                 - Loading FXGL system data
19:45:44.565 [ForkJoinPool.commonPool-worker-9] DEBUG DesktopFSService     - Reading from: system\fxgl.bundle
19:45:44.573 [ForkJoinPool.commonPool-worker-9] DEBUG Bundle               - Logging bundle: FXGL
19:45:44.573 [ForkJoinPool.commonPool-worker-9] DEBUG Bundle               - FXGL.offline.timer.version.check=2019-05-19T18:58:42.189
19:45:44.574 [ForkJoinPool.commonPool-worker-9] DEBUG FXGL                 - Initializing state machine and application states
19:45:44.575 [ForkJoinPool.commonPool-worker-9] DEBUG AssetLoader          - Loading from disk: /assets/ui/cursors/fxgl_default.png
19:45:44.580 [ForkJoinPool.commonPool-worker-9] DEBUG AssetLoader          - Loading from disk: /assets/ui/cursors/fxgl_default.png
19:45:44.584 [ForkJoinPool.commonPool-worker-9] DEBUG AssetLoader          - Loading from cache: /assets/ui/fonts/VarelaRound-Regular.ttf
19:45:44.586 [ForkJoinPool.commonPool-worker-9] DEBUG AssetLoader          - Loading from disk: /assets/ui/cursors/fxgl_default.png
19:45:44.588 [ForkJoinPool.commonPool-worker-9] DEBUG GameScene            - Game scene initialized: 800x600
19:45:44.593 [ForkJoinPool.commonPool-worker-9] DEBUG GameWorld            - Game world initialized
19:45:44.633 [ForkJoinPool.commonPool-worker-9] DEBUG PhysicsWorld         - Physics world initialized: appHeight=600, physics.ppm=50.0
19:45:44.650 [ForkJoinPool.commonPool-worker-9] DEBUG Input                - Registered new binding: Pause - Esc
19:45:44.681 [JavaFX Application Thread] DEBUG FXGL                 - Running preInit()
19:45:44.683 [JavaFX Application Thread] DEBUG Input                - Registered new binding: Screenshot - P
19:45:44.683 [JavaFX Application Thread] DEBUG Input                - Registered new binding: Dev Options - CTRL+0
19:45:44.684 [JavaFX Application Thread] DEBUG Input                - Registered new binding: System info dump - CTRL+9
19:45:44.684 [JavaFX Application Thread] DEBUG Input                - Registered new binding: Restart - CTRL+R
19:45:44.684 [JavaFX Application Thread] DEBUG Input                - Registered new binding: Up 1 - W
19:45:44.684 [JavaFX Application Thread] DEBUG Input                - Registered new binding: Down 1 - S
19:45:44.684 [JavaFX Application Thread] DEBUG Input                - Registered new binding: Up 2 - Up
19:45:44.685 [JavaFX Application Thread] DEBUG Input                - Registered new binding: Down 2 - Down
19:45:44.685 [JavaFX Application Thread] INFO  FXGL                 - FXGL initialization took: 0.730 sec
19:45:44.685 [JavaFX Application Thread] DEBUG LoopRunner           - Starting loop
19:45:44.687 [JavaFX Application Thread] DEBUG StartupState         - STARTUP
19:45:44.687 [JavaFX Application Thread] DEBUG GameApplication      - Starting new game
19:45:44.688 [JavaFX Application Thread] DEBUG Input                - Clearing active input actions
19:45:44.689 [JavaFX Application Thread] DEBUG AssetLoader          - Loading from disk: /assets/ui/css/fxgl_dark.css
19:45:44.695 [JavaFX Application Thread] DEBUG AppStateMachine      - StartupState -> LoadingState
19:45:44.699 [FXGL Background Thread 1 ] DEBUG InitAppTask          - Clearing previous game
19:45:44.699 [FXGL Background Thread 1 ] DEBUG GameWorld            - Clearing game world
19:45:44.700 [FXGL Background Thread 1 ] DEBUG PhysicsWorld         - Clearing physics world
19:45:44.700 [FXGL Background Thread 1 ] DEBUG GameScene            - Clearing game scene
19:45:44.701 [FXGL Background Thread 1 ] DEBUG InitAppTask          - Initializing Game
19:45:44.740 [FXGL Background Thread 1 ] DEBUG GameScene            - Creating render group for layer: DEFAULT(100000)
19:45:44.743 [FXGL Background Thread 1 ] DEBUG InitAppTask          - Initializing Physics
19:45:44.743 [FXGL Background Thread 1 ] DEBUG InitAppTask          - Initializing UI
19:45:44.743 [FXGL Background Thread 1 ] DEBUG AssetLoader          - Loading from cache: /assets/ui/fonts/VarelaRound-Regular.ttf
19:45:44.743 [FXGL Background Thread 1 ] DEBUG AssetLoader          - Loading from cache: /assets/ui/fonts/VarelaRound-Regular.ttf
19:45:44.745 [FXGL Background Thread 1 ] DEBUG InitAppTask          - Initialization Complete
19:45:44.745 [FXGL Background Thread 1 ] INFO  InitAppTask          - Game initialization took: 0.046 sec
19:45:44.752 [JavaFX Application Thread] DEBUG Input                - Clearing active input actions
19:45:44.752 [JavaFX Application Thread] DEBUG AssetLoader          - Loading from disk: /assets/ui/css/fxgl_dark.css
19:45:44.757 [JavaFX Application Thread] DEBUG AppStateMachine      - LoadingState -> PlayState
19:45:51.781 [JavaFX Application Thread] DEBUG FXGL                 - Exiting FXGL
19:45:51.781 [JavaFX Application Thread] DEBUG FXGL                 - Shutting down background threads
19:45:51.781 [JavaFX Application Thread] DEBUG FXGL                 - Saving FXGL system data
19:45:51.783 [JavaFX Application Thread] DEBUG DesktopFSService     - Writing to: system\fxgl.bundle
19:45:51.787 [JavaFX Application Thread] DEBUG FXGL                 - Closing logger and exiting JavaFX
